09:21:26.811 INFO  [main][SpringBootTestContextBootstrapper.buildDefaultMergedContextConfiguration(AbstractTestContextBootstrapper.java:305)] Neither @ContextConfiguration nor @ContextHierarchy found for test class [com.example.attendance.DepartmentsTest], using SpringBootContextLoader
09:21:26.825 INFO  [main][AbstractContextLoader.generateDefaultLocations(AbstractContextLoader.java:264)] Could not detect default resource locations for test class [com.example.attendance.DepartmentsTest]: no resource found for suffixes {-context.xml, Context.groovy}.
09:21:26.826 INFO  [main][AnnotationConfigContextLoaderUtils.detectDefaultConfigurationClasses(AnnotationConfigContextLoaderUtils.java:83)] Could not detect default configuration classes for test class [com.example.attendance.DepartmentsTest]: DepartmentsTest does not declare any static, non-private, non-final, nested classes annotated with @Configuration.
09:21:26.970 INFO  [main][SpringBootTestContextBootstrapper.getOrFindConfigurationClasses(SpringBootTestContextBootstrapper.java:239)] Found @SpringBootConfiguration com.example.attendance.AttendanceApplication for test class com.example.attendance.DepartmentsTest
09:21:27.051 INFO  [main][SpringBootTestContextBootstrapper.getDefaultTestExecutionListenerClassNames(AbstractTestContextBootstrapper.java:245)] Loaded default TestExecutionListener class names from location [META-INF/spring.factories]: [org.springframework.boot.test.autoconfigure.restdocs.RestDocsTestExecutionListener, org.springframework.boot.test.autoconfigure.web.client.MockRestServiceServerResetTestExecutionListener, org.springframework.boot.test.autoconfigure.web.servlet.MockMvcPrintOnlyOnFailureTestExecutionListener, org.springframework.boot.test.autoconfigure.web.servlet.WebDriverTestExecutionListener, org.springframework.boot.test.autoconfigure.webservices.client.MockWebServiceServerTestExecutionListener, org.springframework.boot.test.mock.mockito.MockitoTestExecutionListener, org.springframework.boot.test.mock.mockito.ResetMocksTestExecutionListener, org.springframework.test.context.web.ServletTestExecutionListener, org.springframework.test.context.support.DirtiesContextBeforeModesTestExecutionListener, org.springframework.test.context.event.ApplicationEventsTestExecutionListener, org.springframework.test.context.support.DependencyInjectionTestExecutionListener, org.springframework.test.context.support.DirtiesContextTestExecutionListener, org.springframework.test.context.transaction.TransactionalTestExecutionListener, org.springframework.test.context.jdbc.SqlScriptsTestExecutionListener, org.springframework.test.context.event.EventPublishingTestExecutionListener]
09:21:27.089 INFO  [main][SpringBootTestContextBootstrapper.getTestExecutionListeners(AbstractTestContextBootstrapper.java:174)] Using TestExecutionListeners: [org.springframework.test.context.web.ServletTestExecutionListener@2e029d61, org.springframework.test.context.support.DirtiesContextBeforeModesTestExecutionListener@482d776b, org.springframework.test.context.event.ApplicationEventsTestExecutionListener@4052274f, org.springframework.boot.test.mock.mockito.MockitoTestExecutionListener@132ddbab, org.springframework.boot.test.autoconfigure.SpringBootDependencyInjectionTestExecutionListener@297ea53a, org.springframework.test.context.support.DirtiesContextTestExecutionListener@acb0951, org.springframework.test.context.transaction.TransactionalTestExecutionListener@5bf22f18, org.springframework.test.context.jdbc.SqlScriptsTestExecutionListener@267f474e, org.springframework.test.context.event.EventPublishingTestExecutionListener@7a7471ce, org.springframework.boot.test.autoconfigure.restdocs.RestDocsTestExecutionListener@28276e50, org.springframework.boot.test.autoconfigure.web.client.MockRestServiceServerResetTestExecutionListener@62e70ea3, org.springframework.boot.test.autoconfigure.web.servlet.MockMvcPrintOnlyOnFailureTestExecutionListener@3efe7086, org.springframework.boot.test.autoconfigure.web.servlet.WebDriverTestExecutionListener@675d8c96, org.springframework.boot.test.autoconfigure.webservices.client.MockWebServiceServerTestExecutionListener@741b3bc3, org.springframework.boot.test.mock.mockito.ResetMocksTestExecutionListener@2ed3b1f5]
09:21:27.147 INFO  [main][RestartApplicationListener.onApplicationStartingEvent(RestartApplicationListener.java:74)] Restart disabled due to context in which it is running
09:21:27.488 INFO  [main][DepartmentsTest.logStarting(StartupInfoLogger.java:55)] Starting DepartmentsTest using Java 11.0.14.1 on LAPTOP-BS6O2N7Q with PID 24364 (started by user in C:\Users\user\Desktop\全端課程\JavaProject\attendance)
09:21:27.490 INFO  [main][DepartmentsTest.logStartupProfileInfo(SpringApplication.java:632)] No active profile set, falling back to 1 default profile: "default"
09:21:28.232 INFO  [main][RepositoryConfigurationDelegate.registerRepositoriesIn(RepositoryConfigurationDelegate.java:132)] Bootstrapping Spring Data JPA repositories in DEFAULT mode.
09:21:28.302 INFO  [main][RepositoryConfigurationDelegate.registerRepositoriesIn(RepositoryConfigurationDelegate.java:201)] Finished Spring Data repository scanning in 62 ms. Found 5 JPA repository interfaces.
09:21:29.191 INFO  [main][HikariDataSource.getConnection(HikariDataSource.java:110)] HikariPool-1 - Starting...
09:21:29.398 INFO  [main][HikariDataSource.getConnection(HikariDataSource.java:123)] HikariPool-1 - Start completed.
09:21:29.467 INFO  [main][LogHelper.logPersistenceUnitInformation(LogHelper.java:31)] HHH000204: Processing PersistenceUnitInfo [name: default]
09:21:29.525 INFO  [main][Version.logVersion(Version.java:44)] HHH000412: Hibernate ORM core version 5.6.15.Final
09:21:29.758 INFO  [main][Version.<clinit>(JavaReflectionManager.java:56)] HCANN000001: Hibernate Commons Annotations {5.1.2.Final}
09:21:30.047 INFO  [main][Dialect.<init>(Dialect.java:175)] HHH000400: Using dialect: org.hibernate.dialect.MySQL8Dialect
09:21:30.646 INFO  [main][JtaPlatformInitiator.initiateService(JtaPlatformInitiator.java:52)] HHH000490: Using JtaPlatform implementation: [org.hibernate.engine.transaction.jta.platform.internal.NoJtaPlatform]
09:21:30.661 INFO  [main][LocalContainerEntityManagerFactoryBean.buildNativeEntityManagerFactory(AbstractEntityManagerFactoryBean.java:437)] Initialized JPA EntityManagerFactory for persistence unit 'default'
09:21:31.567 WARN  [main][JpaBaseConfiguration$JpaWebConfiguration.openEntityManagerInViewInterceptor(JpaBaseConfiguration.java:223)] spring.jpa.open-in-view is enabled by default. Therefore, database queries may be performed during view rendering. Explicitly configure spring.jpa.open-in-view to disable this warning
09:21:32.910 INFO  [main][DefaultSecurityFilterChain.<init>(DefaultSecurityFilterChain.java:55)] Will secure any request with [org.springframework.security.web.session.DisableEncodeUrlFilter@145f1f97, org.springframework.security.web.context.request.async.WebAsyncManagerIntegrationFilter@58d4fe33, org.springframework.security.web.context.SecurityContextPersistenceFilter@11896af6, org.springframework.security.web.header.HeaderWriterFilter@526f8cb0, org.springframework.security.web.csrf.CsrfFilter@4adc3951, org.springframework.security.web.authentication.logout.LogoutFilter@3833897c, org.springframework.security.web.authentication.UsernamePasswordAuthenticationFilter@6530a1de, org.springframework.security.web.authentication.ui.DefaultLoginPageGeneratingFilter@79f59e0e, org.springframework.security.web.authentication.ui.DefaultLogoutPageGeneratingFilter@1952ad9d, org.springframework.security.web.authentication.www.BasicAuthenticationFilter@53a3fc8b, org.springframework.security.web.savedrequest.RequestCacheAwareFilter@7866a7a6, org.springframework.security.web.servletapi.SecurityContextHolderAwareRequestFilter@2262bc86, org.springframework.security.web.authentication.AnonymousAuthenticationFilter@71c74011, org.springframework.security.web.session.SessionManagementFilter@4bc4ec43, org.springframework.security.web.access.ExceptionTranslationFilter@6e54bef6, org.springframework.security.web.access.intercept.FilterSecurityInterceptor@2bfa5678]
09:21:33.028 INFO  [main][DepartmentsTest.logStarted(StartupInfoLogger.java:61)] Started DepartmentsTest in 5.891 seconds (JVM running for 7.347)
09:21:33.455 INFO  [SpringApplicationShutdownHook][LocalContainerEntityManagerFactoryBean.destroy(AbstractEntityManagerFactoryBean.java:651)] Closing JPA EntityManagerFactory for persistence unit 'default'
09:21:33.464 INFO  [SpringApplicationShutdownHook][HikariDataSource.close(HikariDataSource.java:350)] HikariPool-1 - Shutdown initiated...
09:21:33.487 INFO  [SpringApplicationShutdownHook][HikariDataSource.close(HikariDataSource.java:352)] HikariPool-1 - Shutdown completed.
13:59:49.745 INFO  [restartedMain][AttendanceApplication.logStarting(StartupInfoLogger.java:55)] Starting AttendanceApplication using Java 11.0.14.1 on LAPTOP-BS6O2N7Q with PID 19188 (C:\Users\user\Desktop\全端課程\JavaProject\attendance\bin\main started by user in C:\Users\user\Desktop\全端課程\JavaProject\attendance)
13:59:49.749 INFO  [restartedMain][AttendanceApplication.logStartupProfileInfo(SpringApplication.java:632)] No active profile set, falling back to 1 default profile: "default"
13:59:49.814 INFO  [restartedMain][DevToolsPropertyDefaultsPostProcessor.logTo(DeferredLog.java:255)] Devtools property defaults active! Set 'spring.devtools.add-properties' to 'false' to disable
13:59:49.814 INFO  [restartedMain][DevToolsPropertyDefaultsPostProcessor.logTo(DeferredLog.java:255)] For additional web related logging consider setting the 'logging.level.web' property to 'DEBUG'
13:59:50.592 INFO  [restartedMain][RepositoryConfigurationDelegate.registerRepositoriesIn(RepositoryConfigurationDelegate.java:132)] Bootstrapping Spring Data JPA repositories in DEFAULT mode.
13:59:50.680 INFO  [restartedMain][RepositoryConfigurationDelegate.registerRepositoriesIn(RepositoryConfigurationDelegate.java:201)] Finished Spring Data repository scanning in 78 ms. Found 6 JPA repository interfaces.
13:59:51.719 INFO  [restartedMain][TomcatWebServer.initialize(TomcatWebServer.java:108)] Tomcat initialized with port(s): 8080 (http)
13:59:51.731 INFO  [restartedMain][Http11NioProtocol.log(DirectJDKLog.java:173)] Initializing ProtocolHandler ["http-nio-8080"]
13:59:51.736 INFO  [restartedMain][StandardService.log(DirectJDKLog.java:173)] Starting service [Tomcat]
13:59:51.737 INFO  [restartedMain][StandardEngine.log(DirectJDKLog.java:173)] Starting Servlet engine: [Apache Tomcat/9.0.82]
13:59:51.881 INFO  [restartedMain][[/].log(DirectJDKLog.java:173)] Initializing Spring embedded WebApplicationContext
13:59:51.882 INFO  [restartedMain][ServletWebServerApplicationContext.prepareWebApplicationContext(ServletWebServerApplicationContext.java:292)] Root WebApplicationContext: initialization completed in 2065 ms
13:59:52.189 INFO  [restartedMain][HikariDataSource.getConnection(HikariDataSource.java:110)] HikariPool-1 - Starting...
13:59:52.484 INFO  [restartedMain][HikariDataSource.getConnection(HikariDataSource.java:123)] HikariPool-1 - Start completed.
13:59:52.535 INFO  [restartedMain][LogHelper.logPersistenceUnitInformation(LogHelper.java:31)] HHH000204: Processing PersistenceUnitInfo [name: default]
13:59:52.576 INFO  [restartedMain][Version.logVersion(Version.java:44)] HHH000412: Hibernate ORM core version 5.6.15.Final
13:59:52.758 INFO  [restartedMain][Version.<clinit>(JavaReflectionManager.java:56)] HCANN000001: Hibernate Commons Annotations {5.1.2.Final}
13:59:52.892 INFO  [restartedMain][Dialect.<init>(Dialect.java:175)] HHH000400: Using dialect: org.hibernate.dialect.MySQL8Dialect
13:59:53.444 INFO  [restartedMain][JtaPlatformInitiator.initiateService(JtaPlatformInitiator.java:52)] HHH000490: Using JtaPlatform implementation: [org.hibernate.engine.transaction.jta.platform.internal.NoJtaPlatform]
13:59:53.461 INFO  [restartedMain][LocalContainerEntityManagerFactoryBean.buildNativeEntityManagerFactory(AbstractEntityManagerFactoryBean.java:437)] Initialized JPA EntityManagerFactory for persistence unit 'default'
13:59:53.873 WARN  [restartedMain][AnnotationConfigServletWebServerApplicationContext.refresh(AbstractApplicationContext.java:591)] Exception encountered during context initialization - cancelling refresh attempt: org.springframework.beans.factory.UnsatisfiedDependencyException: Error creating bean with name 'employeeController': Unsatisfied dependency expressed through field 'service'; nested exception is org.springframework.beans.factory.UnsatisfiedDependencyException: Error creating bean with name 'employeeServiceImpl': Unsatisfied dependency expressed through field 'empDao'; nested exception is org.springframework.beans.factory.BeanCreationException: Error creating bean with name 'employeeDao' defined in com.example.attendance.repository.EmployeeDao defined in @EnableJpaRepositories declared on JpaRepositoriesRegistrar.EnableJpaRepositoriesConfiguration: Invocation of init method failed; nested exception is org.springframework.data.repository.query.QueryCreationException: Could not create query for public abstract int com.example.attendance.repository.EmployeeDao.updateActivate(java.lang.String,boolean); Reason: Using named parameters for method public abstract int com.example.attendance.repository.EmployeeDao.updateActivate(java.lang.String,boolean) but parameter 'Optional[inputActivate]' not found in annotated query 'update Employee set active = inputActive where id = :inputId'!; nested exception is java.lang.IllegalStateException: Using named parameters for method public abstract int com.example.attendance.repository.EmployeeDao.updateActivate(java.lang.String,boolean) but parameter 'Optional[inputActivate]' not found in annotated query 'update Employee set active = inputActive where id = :inputId'!
13:59:53.874 INFO  [restartedMain][LocalContainerEntityManagerFactoryBean.destroy(AbstractEntityManagerFactoryBean.java:651)] Closing JPA EntityManagerFactory for persistence unit 'default'
13:59:53.881 INFO  [restartedMain][HikariDataSource.close(HikariDataSource.java:350)] HikariPool-1 - Shutdown initiated...
13:59:53.907 INFO  [restartedMain][HikariDataSource.close(HikariDataSource.java:352)] HikariPool-1 - Shutdown completed.
13:59:53.911 INFO  [restartedMain][StandardService.log(DirectJDKLog.java:173)] Stopping service [Tomcat]
13:59:53.926 INFO  [restartedMain][ConditionEvaluationReportLoggingListener.logMessage(ConditionEvaluationReportLoggingListener.java:136)] 

Error starting ApplicationContext. To display the conditions report re-run your application with 'debug' enabled.
13:59:53.960 ERROR [restartedMain][SpringApplication.reportFailure(SpringApplication.java:818)] Application run failed
org.springframework.beans.factory.UnsatisfiedDependencyException: Error creating bean with name 'employeeController': Unsatisfied dependency expressed through field 'service'; nested exception is org.springframework.beans.factory.UnsatisfiedDependencyException: Error creating bean with name 'employeeServiceImpl': Unsatisfied dependency expressed through field 'empDao'; nested exception is org.springframework.beans.factory.BeanCreationException: Error creating bean with name 'employeeDao' defined in com.example.attendance.repository.EmployeeDao defined in @EnableJpaRepositories declared on JpaRepositoriesRegistrar.EnableJpaRepositoriesConfiguration: Invocation of init method failed; nested exception is org.springframework.data.repository.query.QueryCreationException: Could not create query for public abstract int com.example.attendance.repository.EmployeeDao.updateActivate(java.lang.String,boolean); Reason: Using named parameters for method public abstract int com.example.attendance.repository.EmployeeDao.updateActivate(java.lang.String,boolean) but parameter 'Optional[inputActivate]' not found in annotated query 'update Employee set active = inputActive where id = :inputId'!; nested exception is java.lang.IllegalStateException: Using named parameters for method public abstract int com.example.attendance.repository.EmployeeDao.updateActivate(java.lang.String,boolean) but parameter 'Optional[inputActivate]' not found in annotated query 'update Employee set active = inputActive where id = :inputId'!
	at org.springframework.beans.factory.annotation.AutowiredAnnotationBeanPostProcessor$AutowiredFieldElement.resolveFieldValue(AutowiredAnnotationBeanPostProcessor.java:713)
	at org.springframework.beans.factory.annotation.AutowiredAnnotationBeanPostProcessor$AutowiredFieldElement.inject(AutowiredAnnotationBeanPostProcessor.java:693)
	at org.springframework.beans.factory.annotation.InjectionMetadata.inject(InjectionMetadata.java:119)
	at org.springframework.beans.factory.annotation.AutowiredAnnotationBeanPostProcessor.postProcessProperties(AutowiredAnnotationBeanPostProcessor.java:408)
	at org.springframework.beans.factory.support.AbstractAutowireCapableBeanFactory.populateBean(AbstractAutowireCapableBeanFactory.java:1431)
	at org.springframework.beans.factory.support.AbstractAutowireCapableBeanFactory.doCreateBean(AbstractAutowireCapableBeanFactory.java:619)
	at org.springframework.beans.factory.support.AbstractAutowireCapableBeanFactory.createBean(AbstractAutowireCapableBeanFactory.java:542)
	at org.springframework.beans.factory.support.AbstractBeanFactory.lambda$doGetBean$0(AbstractBeanFactory.java:335)
	at org.springframework.beans.factory.support.DefaultSingletonBeanRegistry.getSingleton(DefaultSingletonBeanRegistry.java:234)
	at org.springframework.beans.factory.support.AbstractBeanFactory.doGetBean(AbstractBeanFactory.java:333)
	at org.springframework.beans.factory.support.AbstractBeanFactory.getBean(AbstractBeanFactory.java:208)
	at org.springframework.beans.factory.support.DefaultListableBeanFactory.preInstantiateSingletons(DefaultListableBeanFactory.java:955)
	at org.springframework.context.support.AbstractApplicationContext.finishBeanFactoryInitialization(AbstractApplicationContext.java:921)
	at org.springframework.context.support.AbstractApplicationContext.refresh(AbstractApplicationContext.java:583)
	at org.springframework.boot.web.servlet.context.ServletWebServerApplicationContext.refresh(ServletWebServerApplicationContext.java:147)
	at org.springframework.boot.SpringApplication.refresh(SpringApplication.java:732)
	at org.springframework.boot.SpringApplication.refreshContext(SpringApplication.java:409)
	at org.springframework.boot.SpringApplication.run(SpringApplication.java:308)
	at org.springframework.boot.SpringApplication.run(SpringApplication.java:1300)
	at org.springframework.boot.SpringApplication.run(SpringApplication.java:1289)
	at com.example.attendance.AttendanceApplication.main(AttendanceApplication.java:10)
	at java.base/jdk.internal.reflect.NativeMethodAccessorImpl.invoke0(Native Method)
	at java.base/jdk.internal.reflect.NativeMethodAccessorImpl.invoke(NativeMethodAccessorImpl.java:62)
	at java.base/jdk.internal.reflect.DelegatingMethodAccessorImpl.invoke(DelegatingMethodAccessorImpl.java:43)
	at java.base/java.lang.reflect.Method.invoke(Method.java:566)
	at org.springframework.boot.devtools.restart.RestartLauncher.run(RestartLauncher.java:50)
Caused by: org.springframework.beans.factory.UnsatisfiedDependencyException: Error creating bean with name 'employeeServiceImpl': Unsatisfied dependency expressed through field 'empDao'; nested exception is org.springframework.beans.factory.BeanCreationException: Error creating bean with name 'employeeDao' defined in com.example.attendance.repository.EmployeeDao defined in @EnableJpaRepositories declared on JpaRepositoriesRegistrar.EnableJpaRepositoriesConfiguration: Invocation of init method failed; nested exception is org.springframework.data.repository.query.QueryCreationException: Could not create query for public abstract int com.example.attendance.repository.EmployeeDao.updateActivate(java.lang.String,boolean); Reason: Using named parameters for method public abstract int com.example.attendance.repository.EmployeeDao.updateActivate(java.lang.String,boolean) but parameter 'Optional[inputActivate]' not found in annotated query 'update Employee set active = inputActive where id = :inputId'!; nested exception is java.lang.IllegalStateException: Using named parameters for method public abstract int com.example.attendance.repository.EmployeeDao.updateActivate(java.lang.String,boolean) but parameter 'Optional[inputActivate]' not found in annotated query 'update Employee set active = inputActive where id = :inputId'!
	at org.springframework.beans.factory.annotation.AutowiredAnnotationBeanPostProcessor$AutowiredFieldElement.resolveFieldValue(AutowiredAnnotationBeanPostProcessor.java:713)
	at org.springframework.beans.factory.annotation.AutowiredAnnotationBeanPostProcessor$AutowiredFieldElement.inject(AutowiredAnnotationBeanPostProcessor.java:693)
	at org.springframework.beans.factory.annotation.InjectionMetadata.inject(InjectionMetadata.java:119)
	at org.springframework.beans.factory.annotation.AutowiredAnnotationBeanPostProcessor.postProcessProperties(AutowiredAnnotationBeanPostProcessor.java:408)
	at org.springframework.beans.factory.support.AbstractAutowireCapableBeanFactory.populateBean(AbstractAutowireCapableBeanFactory.java:1431)
	at org.springframework.beans.factory.support.AbstractAutowireCapableBeanFactory.doCreateBean(AbstractAutowireCapableBeanFactory.java:619)
	at org.springframework.beans.factory.support.AbstractAutowireCapableBeanFactory.createBean(AbstractAutowireCapableBeanFactory.java:542)
	at org.springframework.beans.factory.support.AbstractBeanFactory.lambda$doGetBean$0(AbstractBeanFactory.java:335)
	at org.springframework.beans.factory.support.DefaultSingletonBeanRegistry.getSingleton(DefaultSingletonBeanRegistry.java:234)
	at org.springframework.beans.factory.support.AbstractBeanFactory.doGetBean(AbstractBeanFactory.java:333)
	at org.springframework.beans.factory.support.AbstractBeanFactory.getBean(AbstractBeanFactory.java:208)
	at org.springframework.beans.factory.config.DependencyDescriptor.resolveCandidate(DependencyDescriptor.java:276)
	at org.springframework.beans.factory.support.DefaultListableBeanFactory.doResolveDependency(DefaultListableBeanFactory.java:1391)
	at org.springframework.beans.factory.support.DefaultListableBeanFactory.resolveDependency(DefaultListableBeanFactory.java:1311)
	at org.springframework.beans.factory.annotation.AutowiredAnnotationBeanPostProcessor$AutowiredFieldElement.resolveFieldValue(AutowiredAnnotationBeanPostProcessor.java:710)
	... 25 common frames omitted
Caused by: org.springframework.beans.factory.BeanCreationException: Error creating bean with name 'employeeDao' defined in com.example.attendance.repository.EmployeeDao defined in @EnableJpaRepositories declared on JpaRepositoriesRegistrar.EnableJpaRepositoriesConfiguration: Invocation of init method failed; nested exception is org.springframework.data.repository.query.QueryCreationException: Could not create query for public abstract int com.example.attendance.repository.EmployeeDao.updateActivate(java.lang.String,boolean); Reason: Using named parameters for method public abstract int com.example.attendance.repository.EmployeeDao.updateActivate(java.lang.String,boolean) but parameter 'Optional[inputActivate]' not found in annotated query 'update Employee set active = inputActive where id = :inputId'!; nested exception is java.lang.IllegalStateException: Using named parameters for method public abstract int com.example.attendance.repository.EmployeeDao.updateActivate(java.lang.String,boolean) but parameter 'Optional[inputActivate]' not found in annotated query 'update Employee set active = inputActive where id = :inputId'!
	at org.springframework.beans.factory.support.AbstractAutowireCapableBeanFactory.initializeBean(AbstractAutowireCapableBeanFactory.java:1804)
	at org.springframework.beans.factory.support.AbstractAutowireCapableBeanFactory.doCreateBean(AbstractAutowireCapableBeanFactory.java:620)
	at org.springframework.beans.factory.support.AbstractAutowireCapableBeanFactory.createBean(AbstractAutowireCapableBeanFactory.java:542)
	at org.springframework.beans.factory.support.AbstractBeanFactory.lambda$doGetBean$0(AbstractBeanFactory.java:335)
	at org.springframework.beans.factory.support.DefaultSingletonBeanRegistry.getSingleton(DefaultSingletonBeanRegistry.java:234)
	at org.springframework.beans.factory.support.AbstractBeanFactory.doGetBean(AbstractBeanFactory.java:333)
	at org.springframework.beans.factory.support.AbstractBeanFactory.getBean(AbstractBeanFactory.java:208)
	at org.springframework.beans.factory.config.DependencyDescriptor.resolveCandidate(DependencyDescriptor.java:276)
	at org.springframework.beans.factory.support.DefaultListableBeanFactory.doResolveDependency(DefaultListableBeanFactory.java:1391)
	at org.springframework.beans.factory.support.DefaultListableBeanFactory.resolveDependency(DefaultListableBeanFactory.java:1311)
	at org.springframework.beans.factory.annotation.AutowiredAnnotationBeanPostProcessor$AutowiredFieldElement.resolveFieldValue(AutowiredAnnotationBeanPostProcessor.java:710)
	... 39 common frames omitted
Caused by: org.springframework.data.repository.query.QueryCreationException: Could not create query for public abstract int com.example.attendance.repository.EmployeeDao.updateActivate(java.lang.String,boolean); Reason: Using named parameters for method public abstract int com.example.attendance.repository.EmployeeDao.updateActivate(java.lang.String,boolean) but parameter 'Optional[inputActivate]' not found in annotated query 'update Employee set active = inputActive where id = :inputId'!; nested exception is java.lang.IllegalStateException: Using named parameters for method public abstract int com.example.attendance.repository.EmployeeDao.updateActivate(java.lang.String,boolean) but parameter 'Optional[inputActivate]' not found in annotated query 'update Employee set active = inputActive where id = :inputId'!
	at org.springframework.data.repository.query.QueryCreationException.create(QueryCreationException.java:101)
	at org.springframework.data.repository.core.support.QueryExecutorMethodInterceptor.lookupQuery(QueryExecutorMethodInterceptor.java:107)
	at org.springframework.data.repository.core.support.QueryExecutorMethodInterceptor.lambda$mapMethodsToQuery$1(QueryExecutorMethodInterceptor.java:95)
	at java.base/java.util.stream.ReferencePipeline$3$1.accept(ReferencePipeline.java:195)
	at java.base/java.util.Iterator.forEachRemaining(Iterator.java:133)
	at java.base/java.util.Collections$UnmodifiableCollection$1.forEachRemaining(Collections.java:1054)
	at java.base/java.util.Spliterators$IteratorSpliterator.forEachRemaining(Spliterators.java:1801)
	at java.base/java.util.stream.AbstractPipeline.copyInto(AbstractPipeline.java:484)
	at java.base/java.util.stream.AbstractPipeline.wrapAndCopyInto(AbstractPipeline.java:474)
	at java.base/java.util.stream.ReduceOps$ReduceOp.evaluateSequential(ReduceOps.java:913)
	at java.base/java.util.stream.AbstractPipeline.evaluate(AbstractPipeline.java:234)
	at java.base/java.util.stream.ReferencePipeline.collect(ReferencePipeline.java:578)
	at org.springframework.data.repository.core.support.QueryExecutorMethodInterceptor.mapMethodsToQuery(QueryExecutorMethodInterceptor.java:97)
	at org.springframework.data.repository.core.support.QueryExecutorMethodInterceptor.lambda$new$0(QueryExecutorMethodInterceptor.java:87)
	at java.base/java.util.Optional.map(Optional.java:265)
	at org.springframework.data.repository.core.support.QueryExecutorMethodInterceptor.<init>(QueryExecutorMethodInterceptor.java:87)
	at org.springframework.data.repository.core.support.RepositoryFactorySupport.getRepository(RepositoryFactorySupport.java:365)
	at org.springframework.data.repository.core.support.RepositoryFactoryBeanSupport.lambda$afterPropertiesSet$5(RepositoryFactoryBeanSupport.java:323)
	at org.springframework.data.util.Lazy.getNullable(Lazy.java:231)
	at org.springframework.data.util.Lazy.get(Lazy.java:115)
	at org.springframework.data.repository.core.support.RepositoryFactoryBeanSupport.afterPropertiesSet(RepositoryFactoryBeanSupport.java:329)
	at org.springframework.data.jpa.repository.support.JpaRepositoryFactoryBean.afterPropertiesSet(JpaRepositoryFactoryBean.java:144)
	at org.springframework.beans.factory.support.AbstractAutowireCapableBeanFactory.invokeInitMethods(AbstractAutowireCapableBeanFactory.java:1863)
	at org.springframework.beans.factory.support.AbstractAutowireCapableBeanFactory.initializeBean(AbstractAutowireCapableBeanFactory.java:1800)
	... 49 common frames omitted
Caused by: java.lang.IllegalStateException: Using named parameters for method public abstract int com.example.attendance.repository.EmployeeDao.updateActivate(java.lang.String,boolean) but parameter 'Optional[inputActivate]' not found in annotated query 'update Employee set active = inputActive where id = :inputId'!
	at org.springframework.data.jpa.repository.query.JpaQueryMethod.assertParameterNamesInAnnotatedQuery(JpaQueryMethod.java:172)
	at org.springframework.data.jpa.repository.query.JpaQueryMethod.<init>(JpaQueryMethod.java:139)
	at org.springframework.data.jpa.repository.query.DefaultJpaQueryMethodFactory.build(DefaultJpaQueryMethodFactory.java:44)
	at org.springframework.data.jpa.repository.query.JpaQueryLookupStrategy$AbstractQueryLookupStrategy.resolveQuery(JpaQueryLookupStrategy.java:93)
	at org.springframework.data.repository.core.support.QueryExecutorMethodInterceptor.lookupQuery(QueryExecutorMethodInterceptor.java:103)
	... 71 common frames omitted
14:00:24.008 INFO  [restartedMain][AttendanceApplication.logStarting(StartupInfoLogger.java:55)] Starting AttendanceApplication using Java 11.0.14.1 on LAPTOP-BS6O2N7Q with PID 17112 (C:\Users\user\Desktop\全端課程\JavaProject\attendance\bin\main started by user in C:\Users\user\Desktop\全端課程\JavaProject\attendance)
14:00:24.015 INFO  [restartedMain][AttendanceApplication.logStartupProfileInfo(SpringApplication.java:632)] No active profile set, falling back to 1 default profile: "default"
14:00:24.084 INFO  [restartedMain][DevToolsPropertyDefaultsPostProcessor.logTo(DeferredLog.java:255)] Devtools property defaults active! Set 'spring.devtools.add-properties' to 'false' to disable
14:00:24.085 INFO  [restartedMain][DevToolsPropertyDefaultsPostProcessor.logTo(DeferredLog.java:255)] For additional web related logging consider setting the 'logging.level.web' property to 'DEBUG'
14:00:24.811 INFO  [restartedMain][RepositoryConfigurationDelegate.registerRepositoriesIn(RepositoryConfigurationDelegate.java:132)] Bootstrapping Spring Data JPA repositories in DEFAULT mode.
14:00:24.901 INFO  [restartedMain][RepositoryConfigurationDelegate.registerRepositoriesIn(RepositoryConfigurationDelegate.java:201)] Finished Spring Data repository scanning in 73 ms. Found 6 JPA repository interfaces.
14:00:25.960 INFO  [restartedMain][TomcatWebServer.initialize(TomcatWebServer.java:108)] Tomcat initialized with port(s): 8080 (http)
14:00:25.973 INFO  [restartedMain][Http11NioProtocol.log(DirectJDKLog.java:173)] Initializing ProtocolHandler ["http-nio-8080"]
14:00:25.977 INFO  [restartedMain][StandardService.log(DirectJDKLog.java:173)] Starting service [Tomcat]
14:00:25.978 INFO  [restartedMain][StandardEngine.log(DirectJDKLog.java:173)] Starting Servlet engine: [Apache Tomcat/9.0.82]
14:00:26.082 INFO  [restartedMain][[/].log(DirectJDKLog.java:173)] Initializing Spring embedded WebApplicationContext
14:00:26.083 INFO  [restartedMain][ServletWebServerApplicationContext.prepareWebApplicationContext(ServletWebServerApplicationContext.java:292)] Root WebApplicationContext: initialization completed in 1995 ms
14:00:26.399 INFO  [restartedMain][HikariDataSource.getConnection(HikariDataSource.java:110)] HikariPool-1 - Starting...
14:00:26.647 INFO  [restartedMain][HikariDataSource.getConnection(HikariDataSource.java:123)] HikariPool-1 - Start completed.
14:00:26.694 INFO  [restartedMain][LogHelper.logPersistenceUnitInformation(LogHelper.java:31)] HHH000204: Processing PersistenceUnitInfo [name: default]
14:00:26.740 INFO  [restartedMain][Version.logVersion(Version.java:44)] HHH000412: Hibernate ORM core version 5.6.15.Final
14:00:26.910 INFO  [restartedMain][Version.<clinit>(JavaReflectionManager.java:56)] HCANN000001: Hibernate Commons Annotations {5.1.2.Final}
14:00:27.049 INFO  [restartedMain][Dialect.<init>(Dialect.java:175)] HHH000400: Using dialect: org.hibernate.dialect.MySQL8Dialect
14:00:27.519 INFO  [restartedMain][JtaPlatformInitiator.initiateService(JtaPlatformInitiator.java:52)] HHH000490: Using JtaPlatform implementation: [org.hibernate.engine.transaction.jta.platform.internal.NoJtaPlatform]
14:00:27.530 INFO  [restartedMain][LocalContainerEntityManagerFactoryBean.buildNativeEntityManagerFactory(AbstractEntityManagerFactoryBean.java:437)] Initialized JPA EntityManagerFactory for persistence unit 'default'
14:00:27.951 WARN  [restartedMain][AnnotationConfigServletWebServerApplicationContext.refresh(AbstractApplicationContext.java:591)] Exception encountered during context initialization - cancelling refresh attempt: org.springframework.beans.factory.UnsatisfiedDependencyException: Error creating bean with name 'employeeController': Unsatisfied dependency expressed through field 'service'; nested exception is org.springframework.beans.factory.UnsatisfiedDependencyException: Error creating bean with name 'employeeServiceImpl': Unsatisfied dependency expressed through field 'empDao'; nested exception is org.springframework.beans.factory.BeanCreationException: Error creating bean with name 'employeeDao' defined in com.example.attendance.repository.EmployeeDao defined in @EnableJpaRepositories declared on JpaRepositoriesRegistrar.EnableJpaRepositoriesConfiguration: Invocation of init method failed; nested exception is org.springframework.data.repository.query.QueryCreationException: Could not create query for public abstract int com.example.attendance.repository.EmployeeDao.updateActivate(java.lang.String,boolean); Reason: Using named parameters for method public abstract int com.example.attendance.repository.EmployeeDao.updateActivate(java.lang.String,boolean) but parameter 'Optional[inputActivate]' not found in annotated query 'update Employee set active = inputActive where id = :inputId'!; nested exception is java.lang.IllegalStateException: Using named parameters for method public abstract int com.example.attendance.repository.EmployeeDao.updateActivate(java.lang.String,boolean) but parameter 'Optional[inputActivate]' not found in annotated query 'update Employee set active = inputActive where id = :inputId'!
14:00:27.951 INFO  [restartedMain][LocalContainerEntityManagerFactoryBean.destroy(AbstractEntityManagerFactoryBean.java:651)] Closing JPA EntityManagerFactory for persistence unit 'default'
14:00:27.956 INFO  [restartedMain][HikariDataSource.close(HikariDataSource.java:350)] HikariPool-1 - Shutdown initiated...
14:00:27.968 INFO  [restartedMain][HikariDataSource.close(HikariDataSource.java:352)] HikariPool-1 - Shutdown completed.
14:00:27.970 INFO  [restartedMain][StandardService.log(DirectJDKLog.java:173)] Stopping service [Tomcat]
14:00:27.980 INFO  [restartedMain][ConditionEvaluationReportLoggingListener.logMessage(ConditionEvaluationReportLoggingListener.java:136)] 

Error starting ApplicationContext. To display the conditions report re-run your application with 'debug' enabled.
14:00:28.000 ERROR [restartedMain][SpringApplication.reportFailure(SpringApplication.java:818)] Application run failed
org.springframework.beans.factory.UnsatisfiedDependencyException: Error creating bean with name 'employeeController': Unsatisfied dependency expressed through field 'service'; nested exception is org.springframework.beans.factory.UnsatisfiedDependencyException: Error creating bean with name 'employeeServiceImpl': Unsatisfied dependency expressed through field 'empDao'; nested exception is org.springframework.beans.factory.BeanCreationException: Error creating bean with name 'employeeDao' defined in com.example.attendance.repository.EmployeeDao defined in @EnableJpaRepositories declared on JpaRepositoriesRegistrar.EnableJpaRepositoriesConfiguration: Invocation of init method failed; nested exception is org.springframework.data.repository.query.QueryCreationException: Could not create query for public abstract int com.example.attendance.repository.EmployeeDao.updateActivate(java.lang.String,boolean); Reason: Using named parameters for method public abstract int com.example.attendance.repository.EmployeeDao.updateActivate(java.lang.String,boolean) but parameter 'Optional[inputActivate]' not found in annotated query 'update Employee set active = inputActive where id = :inputId'!; nested exception is java.lang.IllegalStateException: Using named parameters for method public abstract int com.example.attendance.repository.EmployeeDao.updateActivate(java.lang.String,boolean) but parameter 'Optional[inputActivate]' not found in annotated query 'update Employee set active = inputActive where id = :inputId'!
	at org.springframework.beans.factory.annotation.AutowiredAnnotationBeanPostProcessor$AutowiredFieldElement.resolveFieldValue(AutowiredAnnotationBeanPostProcessor.java:713)
	at org.springframework.beans.factory.annotation.AutowiredAnnotationBeanPostProcessor$AutowiredFieldElement.inject(AutowiredAnnotationBeanPostProcessor.java:693)
	at org.springframework.beans.factory.annotation.InjectionMetadata.inject(InjectionMetadata.java:119)
	at org.springframework.beans.factory.annotation.AutowiredAnnotationBeanPostProcessor.postProcessProperties(AutowiredAnnotationBeanPostProcessor.java:408)
	at org.springframework.beans.factory.support.AbstractAutowireCapableBeanFactory.populateBean(AbstractAutowireCapableBeanFactory.java:1431)
	at org.springframework.beans.factory.support.AbstractAutowireCapableBeanFactory.doCreateBean(AbstractAutowireCapableBeanFactory.java:619)
	at org.springframework.beans.factory.support.AbstractAutowireCapableBeanFactory.createBean(AbstractAutowireCapableBeanFactory.java:542)
	at org.springframework.beans.factory.support.AbstractBeanFactory.lambda$doGetBean$0(AbstractBeanFactory.java:335)
	at org.springframework.beans.factory.support.DefaultSingletonBeanRegistry.getSingleton(DefaultSingletonBeanRegistry.java:234)
	at org.springframework.beans.factory.support.AbstractBeanFactory.doGetBean(AbstractBeanFactory.java:333)
	at org.springframework.beans.factory.support.AbstractBeanFactory.getBean(AbstractBeanFactory.java:208)
	at org.springframework.beans.factory.support.DefaultListableBeanFactory.preInstantiateSingletons(DefaultListableBeanFactory.java:955)
	at org.springframework.context.support.AbstractApplicationContext.finishBeanFactoryInitialization(AbstractApplicationContext.java:921)
	at org.springframework.context.support.AbstractApplicationContext.refresh(AbstractApplicationContext.java:583)
	at org.springframework.boot.web.servlet.context.ServletWebServerApplicationContext.refresh(ServletWebServerApplicationContext.java:147)
	at org.springframework.boot.SpringApplication.refresh(SpringApplication.java:732)
	at org.springframework.boot.SpringApplication.refreshContext(SpringApplication.java:409)
	at org.springframework.boot.SpringApplication.run(SpringApplication.java:308)
	at org.springframework.boot.SpringApplication.run(SpringApplication.java:1300)
	at org.springframework.boot.SpringApplication.run(SpringApplication.java:1289)
	at com.example.attendance.AttendanceApplication.main(AttendanceApplication.java:10)
	at java.base/jdk.internal.reflect.NativeMethodAccessorImpl.invoke0(Native Method)
	at java.base/jdk.internal.reflect.NativeMethodAccessorImpl.invoke(NativeMethodAccessorImpl.java:62)
	at java.base/jdk.internal.reflect.DelegatingMethodAccessorImpl.invoke(DelegatingMethodAccessorImpl.java:43)
	at java.base/java.lang.reflect.Method.invoke(Method.java:566)
	at org.springframework.boot.devtools.restart.RestartLauncher.run(RestartLauncher.java:50)
Caused by: org.springframework.beans.factory.UnsatisfiedDependencyException: Error creating bean with name 'employeeServiceImpl': Unsatisfied dependency expressed through field 'empDao'; nested exception is org.springframework.beans.factory.BeanCreationException: Error creating bean with name 'employeeDao' defined in com.example.attendance.repository.EmployeeDao defined in @EnableJpaRepositories declared on JpaRepositoriesRegistrar.EnableJpaRepositoriesConfiguration: Invocation of init method failed; nested exception is org.springframework.data.repository.query.QueryCreationException: Could not create query for public abstract int com.example.attendance.repository.EmployeeDao.updateActivate(java.lang.String,boolean); Reason: Using named parameters for method public abstract int com.example.attendance.repository.EmployeeDao.updateActivate(java.lang.String,boolean) but parameter 'Optional[inputActivate]' not found in annotated query 'update Employee set active = inputActive where id = :inputId'!; nested exception is java.lang.IllegalStateException: Using named parameters for method public abstract int com.example.attendance.repository.EmployeeDao.updateActivate(java.lang.String,boolean) but parameter 'Optional[inputActivate]' not found in annotated query 'update Employee set active = inputActive where id = :inputId'!
	at org.springframework.beans.factory.annotation.AutowiredAnnotationBeanPostProcessor$AutowiredFieldElement.resolveFieldValue(AutowiredAnnotationBeanPostProcessor.java:713)
	at org.springframework.beans.factory.annotation.AutowiredAnnotationBeanPostProcessor$AutowiredFieldElement.inject(AutowiredAnnotationBeanPostProcessor.java:693)
	at org.springframework.beans.factory.annotation.InjectionMetadata.inject(InjectionMetadata.java:119)
	at org.springframework.beans.factory.annotation.AutowiredAnnotationBeanPostProcessor.postProcessProperties(AutowiredAnnotationBeanPostProcessor.java:408)
	at org.springframework.beans.factory.support.AbstractAutowireCapableBeanFactory.populateBean(AbstractAutowireCapableBeanFactory.java:1431)
	at org.springframework.beans.factory.support.AbstractAutowireCapableBeanFactory.doCreateBean(AbstractAutowireCapableBeanFactory.java:619)
	at org.springframework.beans.factory.support.AbstractAutowireCapableBeanFactory.createBean(AbstractAutowireCapableBeanFactory.java:542)
	at org.springframework.beans.factory.support.AbstractBeanFactory.lambda$doGetBean$0(AbstractBeanFactory.java:335)
	at org.springframework.beans.factory.support.DefaultSingletonBeanRegistry.getSingleton(DefaultSingletonBeanRegistry.java:234)
	at org.springframework.beans.factory.support.AbstractBeanFactory.doGetBean(AbstractBeanFactory.java:333)
	at org.springframework.beans.factory.support.AbstractBeanFactory.getBean(AbstractBeanFactory.java:208)
	at org.springframework.beans.factory.config.DependencyDescriptor.resolveCandidate(DependencyDescriptor.java:276)
	at org.springframework.beans.factory.support.DefaultListableBeanFactory.doResolveDependency(DefaultListableBeanFactory.java:1391)
	at org.springframework.beans.factory.support.DefaultListableBeanFactory.resolveDependency(DefaultListableBeanFactory.java:1311)
	at org.springframework.beans.factory.annotation.AutowiredAnnotationBeanPostProcessor$AutowiredFieldElement.resolveFieldValue(AutowiredAnnotationBeanPostProcessor.java:710)
	... 25 common frames omitted
Caused by: org.springframework.beans.factory.BeanCreationException: Error creating bean with name 'employeeDao' defined in com.example.attendance.repository.EmployeeDao defined in @EnableJpaRepositories declared on JpaRepositoriesRegistrar.EnableJpaRepositoriesConfiguration: Invocation of init method failed; nested exception is org.springframework.data.repository.query.QueryCreationException: Could not create query for public abstract int com.example.attendance.repository.EmployeeDao.updateActivate(java.lang.String,boolean); Reason: Using named parameters for method public abstract int com.example.attendance.repository.EmployeeDao.updateActivate(java.lang.String,boolean) but parameter 'Optional[inputActivate]' not found in annotated query 'update Employee set active = inputActive where id = :inputId'!; nested exception is java.lang.IllegalStateException: Using named parameters for method public abstract int com.example.attendance.repository.EmployeeDao.updateActivate(java.lang.String,boolean) but parameter 'Optional[inputActivate]' not found in annotated query 'update Employee set active = inputActive where id = :inputId'!
	at org.springframework.beans.factory.support.AbstractAutowireCapableBeanFactory.initializeBean(AbstractAutowireCapableBeanFactory.java:1804)
	at org.springframework.beans.factory.support.AbstractAutowireCapableBeanFactory.doCreateBean(AbstractAutowireCapableBeanFactory.java:620)
	at org.springframework.beans.factory.support.AbstractAutowireCapableBeanFactory.createBean(AbstractAutowireCapableBeanFactory.java:542)
	at org.springframework.beans.factory.support.AbstractBeanFactory.lambda$doGetBean$0(AbstractBeanFactory.java:335)
	at org.springframework.beans.factory.support.DefaultSingletonBeanRegistry.getSingleton(DefaultSingletonBeanRegistry.java:234)
	at org.springframework.beans.factory.support.AbstractBeanFactory.doGetBean(AbstractBeanFactory.java:333)
	at org.springframework.beans.factory.support.AbstractBeanFactory.getBean(AbstractBeanFactory.java:208)
	at org.springframework.beans.factory.config.DependencyDescriptor.resolveCandidate(DependencyDescriptor.java:276)
	at org.springframework.beans.factory.support.DefaultListableBeanFactory.doResolveDependency(DefaultListableBeanFactory.java:1391)
	at org.springframework.beans.factory.support.DefaultListableBeanFactory.resolveDependency(DefaultListableBeanFactory.java:1311)
	at org.springframework.beans.factory.annotation.AutowiredAnnotationBeanPostProcessor$AutowiredFieldElement.resolveFieldValue(AutowiredAnnotationBeanPostProcessor.java:710)
	... 39 common frames omitted
Caused by: org.springframework.data.repository.query.QueryCreationException: Could not create query for public abstract int com.example.attendance.repository.EmployeeDao.updateActivate(java.lang.String,boolean); Reason: Using named parameters for method public abstract int com.example.attendance.repository.EmployeeDao.updateActivate(java.lang.String,boolean) but parameter 'Optional[inputActivate]' not found in annotated query 'update Employee set active = inputActive where id = :inputId'!; nested exception is java.lang.IllegalStateException: Using named parameters for method public abstract int com.example.attendance.repository.EmployeeDao.updateActivate(java.lang.String,boolean) but parameter 'Optional[inputActivate]' not found in annotated query 'update Employee set active = inputActive where id = :inputId'!
	at org.springframework.data.repository.query.QueryCreationException.create(QueryCreationException.java:101)
	at org.springframework.data.repository.core.support.QueryExecutorMethodInterceptor.lookupQuery(QueryExecutorMethodInterceptor.java:107)
	at org.springframework.data.repository.core.support.QueryExecutorMethodInterceptor.lambda$mapMethodsToQuery$1(QueryExecutorMethodInterceptor.java:95)
	at java.base/java.util.stream.ReferencePipeline$3$1.accept(ReferencePipeline.java:195)
	at java.base/java.util.Iterator.forEachRemaining(Iterator.java:133)
	at java.base/java.util.Collections$UnmodifiableCollection$1.forEachRemaining(Collections.java:1054)
	at java.base/java.util.Spliterators$IteratorSpliterator.forEachRemaining(Spliterators.java:1801)
	at java.base/java.util.stream.AbstractPipeline.copyInto(AbstractPipeline.java:484)
	at java.base/java.util.stream.AbstractPipeline.wrapAndCopyInto(AbstractPipeline.java:474)
	at java.base/java.util.stream.ReduceOps$ReduceOp.evaluateSequential(ReduceOps.java:913)
	at java.base/java.util.stream.AbstractPipeline.evaluate(AbstractPipeline.java:234)
	at java.base/java.util.stream.ReferencePipeline.collect(ReferencePipeline.java:578)
	at org.springframework.data.repository.core.support.QueryExecutorMethodInterceptor.mapMethodsToQuery(QueryExecutorMethodInterceptor.java:97)
	at org.springframework.data.repository.core.support.QueryExecutorMethodInterceptor.lambda$new$0(QueryExecutorMethodInterceptor.java:87)
	at java.base/java.util.Optional.map(Optional.java:265)
	at org.springframework.data.repository.core.support.QueryExecutorMethodInterceptor.<init>(QueryExecutorMethodInterceptor.java:87)
	at org.springframework.data.repository.core.support.RepositoryFactorySupport.getRepository(RepositoryFactorySupport.java:365)
	at org.springframework.data.repository.core.support.RepositoryFactoryBeanSupport.lambda$afterPropertiesSet$5(RepositoryFactoryBeanSupport.java:323)
	at org.springframework.data.util.Lazy.getNullable(Lazy.java:231)
	at org.springframework.data.util.Lazy.get(Lazy.java:115)
	at org.springframework.data.repository.core.support.RepositoryFactoryBeanSupport.afterPropertiesSet(RepositoryFactoryBeanSupport.java:329)
	at org.springframework.data.jpa.repository.support.JpaRepositoryFactoryBean.afterPropertiesSet(JpaRepositoryFactoryBean.java:144)
	at org.springframework.beans.factory.support.AbstractAutowireCapableBeanFactory.invokeInitMethods(AbstractAutowireCapableBeanFactory.java:1863)
	at org.springframework.beans.factory.support.AbstractAutowireCapableBeanFactory.initializeBean(AbstractAutowireCapableBeanFactory.java:1800)
	... 49 common frames omitted
Caused by: java.lang.IllegalStateException: Using named parameters for method public abstract int com.example.attendance.repository.EmployeeDao.updateActivate(java.lang.String,boolean) but parameter 'Optional[inputActivate]' not found in annotated query 'update Employee set active = inputActive where id = :inputId'!
	at org.springframework.data.jpa.repository.query.JpaQueryMethod.assertParameterNamesInAnnotatedQuery(JpaQueryMethod.java:172)
	at org.springframework.data.jpa.repository.query.JpaQueryMethod.<init>(JpaQueryMethod.java:139)
	at org.springframework.data.jpa.repository.query.DefaultJpaQueryMethodFactory.build(DefaultJpaQueryMethodFactory.java:44)
	at org.springframework.data.jpa.repository.query.JpaQueryLookupStrategy$AbstractQueryLookupStrategy.resolveQuery(JpaQueryLookupStrategy.java:93)
	at org.springframework.data.repository.core.support.QueryExecutorMethodInterceptor.lookupQuery(QueryExecutorMethodInterceptor.java:103)
	... 71 common frames omitted
14:27:52.847 INFO  [restartedMain][AttendanceApplication.logStarting(StartupInfoLogger.java:55)] Starting AttendanceApplication using Java 11.0.14.1 on LAPTOP-BS6O2N7Q with PID 6868 (C:\Users\user\Desktop\全端課程\JavaProject\attendance\bin\main started by user in C:\Users\user\Desktop\全端課程\JavaProject\attendance)
14:27:52.851 INFO  [restartedMain][AttendanceApplication.logStartupProfileInfo(SpringApplication.java:632)] No active profile set, falling back to 1 default profile: "default"
14:27:52.931 INFO  [restartedMain][DevToolsPropertyDefaultsPostProcessor.logTo(DeferredLog.java:255)] Devtools property defaults active! Set 'spring.devtools.add-properties' to 'false' to disable
14:27:52.932 INFO  [restartedMain][DevToolsPropertyDefaultsPostProcessor.logTo(DeferredLog.java:255)] For additional web related logging consider setting the 'logging.level.web' property to 'DEBUG'
14:27:53.631 INFO  [restartedMain][RepositoryConfigurationDelegate.registerRepositoriesIn(RepositoryConfigurationDelegate.java:132)] Bootstrapping Spring Data JPA repositories in DEFAULT mode.
14:27:53.727 INFO  [restartedMain][RepositoryConfigurationDelegate.registerRepositoriesIn(RepositoryConfigurationDelegate.java:201)] Finished Spring Data repository scanning in 81 ms. Found 6 JPA repository interfaces.
14:27:54.712 INFO  [restartedMain][TomcatWebServer.initialize(TomcatWebServer.java:108)] Tomcat initialized with port(s): 8080 (http)
14:27:54.726 INFO  [restartedMain][Http11NioProtocol.log(DirectJDKLog.java:173)] Initializing ProtocolHandler ["http-nio-8080"]
14:27:54.728 INFO  [restartedMain][StandardService.log(DirectJDKLog.java:173)] Starting service [Tomcat]
14:27:54.728 INFO  [restartedMain][StandardEngine.log(DirectJDKLog.java:173)] Starting Servlet engine: [Apache Tomcat/9.0.82]
14:27:54.811 INFO  [restartedMain][[/].log(DirectJDKLog.java:173)] Initializing Spring embedded WebApplicationContext
14:27:54.812 INFO  [restartedMain][ServletWebServerApplicationContext.prepareWebApplicationContext(ServletWebServerApplicationContext.java:292)] Root WebApplicationContext: initialization completed in 1878 ms
14:27:55.078 INFO  [restartedMain][HikariDataSource.getConnection(HikariDataSource.java:110)] HikariPool-1 - Starting...
14:27:55.301 INFO  [restartedMain][HikariDataSource.getConnection(HikariDataSource.java:123)] HikariPool-1 - Start completed.
14:27:55.353 INFO  [restartedMain][LogHelper.logPersistenceUnitInformation(LogHelper.java:31)] HHH000204: Processing PersistenceUnitInfo [name: default]
14:27:55.402 INFO  [restartedMain][Version.logVersion(Version.java:44)] HHH000412: Hibernate ORM core version 5.6.15.Final
14:27:55.577 INFO  [restartedMain][Version.<clinit>(JavaReflectionManager.java:56)] HCANN000001: Hibernate Commons Annotations {5.1.2.Final}
14:27:55.708 INFO  [restartedMain][Dialect.<init>(Dialect.java:175)] HHH000400: Using dialect: org.hibernate.dialect.MySQL8Dialect
14:27:56.192 INFO  [restartedMain][JtaPlatformInitiator.initiateService(JtaPlatformInitiator.java:52)] HHH000490: Using JtaPlatform implementation: [org.hibernate.engine.transaction.jta.platform.internal.NoJtaPlatform]
14:27:56.205 INFO  [restartedMain][LocalContainerEntityManagerFactoryBean.buildNativeEntityManagerFactory(AbstractEntityManagerFactoryBean.java:437)] Initialized JPA EntityManagerFactory for persistence unit 'default'
14:27:56.605 WARN  [restartedMain][AnnotationConfigServletWebServerApplicationContext.refresh(AbstractApplicationContext.java:591)] Exception encountered during context initialization - cancelling refresh attempt: org.springframework.beans.factory.UnsatisfiedDependencyException: Error creating bean with name 'employeeController': Unsatisfied dependency expressed through field 'service'; nested exception is org.springframework.beans.factory.UnsatisfiedDependencyException: Error creating bean with name 'employeeServiceImpl': Unsatisfied dependency expressed through field 'empDao'; nested exception is org.springframework.beans.factory.BeanCreationException: Error creating bean with name 'employeeDao' defined in com.example.attendance.repository.EmployeeDao defined in @EnableJpaRepositories declared on JpaRepositoriesRegistrar.EnableJpaRepositoriesConfiguration: Invocation of init method failed; nested exception is org.springframework.data.repository.query.QueryCreationException: Could not create query for public abstract int com.example.attendance.repository.EmployeeDao.updateActivate(java.lang.String,boolean); Reason: Using named parameters for method public abstract int com.example.attendance.repository.EmployeeDao.updateActivate(java.lang.String,boolean) but parameter 'Optional[inputActivate]' not found in annotated query 'update Employee set active = inputActive where id = :inputId'!; nested exception is java.lang.IllegalStateException: Using named parameters for method public abstract int com.example.attendance.repository.EmployeeDao.updateActivate(java.lang.String,boolean) but parameter 'Optional[inputActivate]' not found in annotated query 'update Employee set active = inputActive where id = :inputId'!
14:27:56.606 INFO  [restartedMain][LocalContainerEntityManagerFactoryBean.destroy(AbstractEntityManagerFactoryBean.java:651)] Closing JPA EntityManagerFactory for persistence unit 'default'
14:27:56.615 INFO  [restartedMain][HikariDataSource.close(HikariDataSource.java:350)] HikariPool-1 - Shutdown initiated...
14:27:56.646 INFO  [restartedMain][HikariDataSource.close(HikariDataSource.java:352)] HikariPool-1 - Shutdown completed.
14:27:56.652 INFO  [restartedMain][StandardService.log(DirectJDKLog.java:173)] Stopping service [Tomcat]
14:27:56.670 INFO  [restartedMain][ConditionEvaluationReportLoggingListener.logMessage(ConditionEvaluationReportLoggingListener.java:136)] 

Error starting ApplicationContext. To display the conditions report re-run your application with 'debug' enabled.
14:27:56.736 ERROR [restartedMain][SpringApplication.reportFailure(SpringApplication.java:818)] Application run failed
org.springframework.beans.factory.UnsatisfiedDependencyException: Error creating bean with name 'employeeController': Unsatisfied dependency expressed through field 'service'; nested exception is org.springframework.beans.factory.UnsatisfiedDependencyException: Error creating bean with name 'employeeServiceImpl': Unsatisfied dependency expressed through field 'empDao'; nested exception is org.springframework.beans.factory.BeanCreationException: Error creating bean with name 'employeeDao' defined in com.example.attendance.repository.EmployeeDao defined in @EnableJpaRepositories declared on JpaRepositoriesRegistrar.EnableJpaRepositoriesConfiguration: Invocation of init method failed; nested exception is org.springframework.data.repository.query.QueryCreationException: Could not create query for public abstract int com.example.attendance.repository.EmployeeDao.updateActivate(java.lang.String,boolean); Reason: Using named parameters for method public abstract int com.example.attendance.repository.EmployeeDao.updateActivate(java.lang.String,boolean) but parameter 'Optional[inputActivate]' not found in annotated query 'update Employee set active = inputActive where id = :inputId'!; nested exception is java.lang.IllegalStateException: Using named parameters for method public abstract int com.example.attendance.repository.EmployeeDao.updateActivate(java.lang.String,boolean) but parameter 'Optional[inputActivate]' not found in annotated query 'update Employee set active = inputActive where id = :inputId'!
	at org.springframework.beans.factory.annotation.AutowiredAnnotationBeanPostProcessor$AutowiredFieldElement.resolveFieldValue(AutowiredAnnotationBeanPostProcessor.java:713)
	at org.springframework.beans.factory.annotation.AutowiredAnnotationBeanPostProcessor$AutowiredFieldElement.inject(AutowiredAnnotationBeanPostProcessor.java:693)
	at org.springframework.beans.factory.annotation.InjectionMetadata.inject(InjectionMetadata.java:119)
	at org.springframework.beans.factory.annotation.AutowiredAnnotationBeanPostProcessor.postProcessProperties(AutowiredAnnotationBeanPostProcessor.java:408)
	at org.springframework.beans.factory.support.AbstractAutowireCapableBeanFactory.populateBean(AbstractAutowireCapableBeanFactory.java:1431)
	at org.springframework.beans.factory.support.AbstractAutowireCapableBeanFactory.doCreateBean(AbstractAutowireCapableBeanFactory.java:619)
	at org.springframework.beans.factory.support.AbstractAutowireCapableBeanFactory.createBean(AbstractAutowireCapableBeanFactory.java:542)
	at org.springframework.beans.factory.support.AbstractBeanFactory.lambda$doGetBean$0(AbstractBeanFactory.java:335)
	at org.springframework.beans.factory.support.DefaultSingletonBeanRegistry.getSingleton(DefaultSingletonBeanRegistry.java:234)
	at org.springframework.beans.factory.support.AbstractBeanFactory.doGetBean(AbstractBeanFactory.java:333)
	at org.springframework.beans.factory.support.AbstractBeanFactory.getBean(AbstractBeanFactory.java:208)
	at org.springframework.beans.factory.support.DefaultListableBeanFactory.preInstantiateSingletons(DefaultListableBeanFactory.java:955)
	at org.springframework.context.support.AbstractApplicationContext.finishBeanFactoryInitialization(AbstractApplicationContext.java:921)
	at org.springframework.context.support.AbstractApplicationContext.refresh(AbstractApplicationContext.java:583)
	at org.springframework.boot.web.servlet.context.ServletWebServerApplicationContext.refresh(ServletWebServerApplicationContext.java:147)
	at org.springframework.boot.SpringApplication.refresh(SpringApplication.java:732)
	at org.springframework.boot.SpringApplication.refreshContext(SpringApplication.java:409)
	at org.springframework.boot.SpringApplication.run(SpringApplication.java:308)
	at org.springframework.boot.SpringApplication.run(SpringApplication.java:1300)
	at org.springframework.boot.SpringApplication.run(SpringApplication.java:1289)
	at com.example.attendance.AttendanceApplication.main(AttendanceApplication.java:10)
	at java.base/jdk.internal.reflect.NativeMethodAccessorImpl.invoke0(Native Method)
	at java.base/jdk.internal.reflect.NativeMethodAccessorImpl.invoke(NativeMethodAccessorImpl.java:62)
	at java.base/jdk.internal.reflect.DelegatingMethodAccessorImpl.invoke(DelegatingMethodAccessorImpl.java:43)
	at java.base/java.lang.reflect.Method.invoke(Method.java:566)
	at org.springframework.boot.devtools.restart.RestartLauncher.run(RestartLauncher.java:50)
Caused by: org.springframework.beans.factory.UnsatisfiedDependencyException: Error creating bean with name 'employeeServiceImpl': Unsatisfied dependency expressed through field 'empDao'; nested exception is org.springframework.beans.factory.BeanCreationException: Error creating bean with name 'employeeDao' defined in com.example.attendance.repository.EmployeeDao defined in @EnableJpaRepositories declared on JpaRepositoriesRegistrar.EnableJpaRepositoriesConfiguration: Invocation of init method failed; nested exception is org.springframework.data.repository.query.QueryCreationException: Could not create query for public abstract int com.example.attendance.repository.EmployeeDao.updateActivate(java.lang.String,boolean); Reason: Using named parameters for method public abstract int com.example.attendance.repository.EmployeeDao.updateActivate(java.lang.String,boolean) but parameter 'Optional[inputActivate]' not found in annotated query 'update Employee set active = inputActive where id = :inputId'!; nested exception is java.lang.IllegalStateException: Using named parameters for method public abstract int com.example.attendance.repository.EmployeeDao.updateActivate(java.lang.String,boolean) but parameter 'Optional[inputActivate]' not found in annotated query 'update Employee set active = inputActive where id = :inputId'!
	at org.springframework.beans.factory.annotation.AutowiredAnnotationBeanPostProcessor$AutowiredFieldElement.resolveFieldValue(AutowiredAnnotationBeanPostProcessor.java:713)
	at org.springframework.beans.factory.annotation.AutowiredAnnotationBeanPostProcessor$AutowiredFieldElement.inject(AutowiredAnnotationBeanPostProcessor.java:693)
	at org.springframework.beans.factory.annotation.InjectionMetadata.inject(InjectionMetadata.java:119)
	at org.springframework.beans.factory.annotation.AutowiredAnnotationBeanPostProcessor.postProcessProperties(AutowiredAnnotationBeanPostProcessor.java:408)
	at org.springframework.beans.factory.support.AbstractAutowireCapableBeanFactory.populateBean(AbstractAutowireCapableBeanFactory.java:1431)
	at org.springframework.beans.factory.support.AbstractAutowireCapableBeanFactory.doCreateBean(AbstractAutowireCapableBeanFactory.java:619)
	at org.springframework.beans.factory.support.AbstractAutowireCapableBeanFactory.createBean(AbstractAutowireCapableBeanFactory.java:542)
	at org.springframework.beans.factory.support.AbstractBeanFactory.lambda$doGetBean$0(AbstractBeanFactory.java:335)
	at org.springframework.beans.factory.support.DefaultSingletonBeanRegistry.getSingleton(DefaultSingletonBeanRegistry.java:234)
	at org.springframework.beans.factory.support.AbstractBeanFactory.doGetBean(AbstractBeanFactory.java:333)
	at org.springframework.beans.factory.support.AbstractBeanFactory.getBean(AbstractBeanFactory.java:208)
	at org.springframework.beans.factory.config.DependencyDescriptor.resolveCandidate(DependencyDescriptor.java:276)
	at org.springframework.beans.factory.support.DefaultListableBeanFactory.doResolveDependency(DefaultListableBeanFactory.java:1391)
	at org.springframework.beans.factory.support.DefaultListableBeanFactory.resolveDependency(DefaultListableBeanFactory.java:1311)
	at org.springframework.beans.factory.annotation.AutowiredAnnotationBeanPostProcessor$AutowiredFieldElement.resolveFieldValue(AutowiredAnnotationBeanPostProcessor.java:710)
	... 25 common frames omitted
Caused by: org.springframework.beans.factory.BeanCreationException: Error creating bean with name 'employeeDao' defined in com.example.attendance.repository.EmployeeDao defined in @EnableJpaRepositories declared on JpaRepositoriesRegistrar.EnableJpaRepositoriesConfiguration: Invocation of init method failed; nested exception is org.springframework.data.repository.query.QueryCreationException: Could not create query for public abstract int com.example.attendance.repository.EmployeeDao.updateActivate(java.lang.String,boolean); Reason: Using named parameters for method public abstract int com.example.attendance.repository.EmployeeDao.updateActivate(java.lang.String,boolean) but parameter 'Optional[inputActivate]' not found in annotated query 'update Employee set active = inputActive where id = :inputId'!; nested exception is java.lang.IllegalStateException: Using named parameters for method public abstract int com.example.attendance.repository.EmployeeDao.updateActivate(java.lang.String,boolean) but parameter 'Optional[inputActivate]' not found in annotated query 'update Employee set active = inputActive where id = :inputId'!
	at org.springframework.beans.factory.support.AbstractAutowireCapableBeanFactory.initializeBean(AbstractAutowireCapableBeanFactory.java:1804)
	at org.springframework.beans.factory.support.AbstractAutowireCapableBeanFactory.doCreateBean(AbstractAutowireCapableBeanFactory.java:620)
	at org.springframework.beans.factory.support.AbstractAutowireCapableBeanFactory.createBean(AbstractAutowireCapableBeanFactory.java:542)
	at org.springframework.beans.factory.support.AbstractBeanFactory.lambda$doGetBean$0(AbstractBeanFactory.java:335)
	at org.springframework.beans.factory.support.DefaultSingletonBeanRegistry.getSingleton(DefaultSingletonBeanRegistry.java:234)
	at org.springframework.beans.factory.support.AbstractBeanFactory.doGetBean(AbstractBeanFactory.java:333)
	at org.springframework.beans.factory.support.AbstractBeanFactory.getBean(AbstractBeanFactory.java:208)
	at org.springframework.beans.factory.config.DependencyDescriptor.resolveCandidate(DependencyDescriptor.java:276)
	at org.springframework.beans.factory.support.DefaultListableBeanFactory.doResolveDependency(DefaultListableBeanFactory.java:1391)
	at org.springframework.beans.factory.support.DefaultListableBeanFactory.resolveDependency(DefaultListableBeanFactory.java:1311)
	at org.springframework.beans.factory.annotation.AutowiredAnnotationBeanPostProcessor$AutowiredFieldElement.resolveFieldValue(AutowiredAnnotationBeanPostProcessor.java:710)
	... 39 common frames omitted
Caused by: org.springframework.data.repository.query.QueryCreationException: Could not create query for public abstract int com.example.attendance.repository.EmployeeDao.updateActivate(java.lang.String,boolean); Reason: Using named parameters for method public abstract int com.example.attendance.repository.EmployeeDao.updateActivate(java.lang.String,boolean) but parameter 'Optional[inputActivate]' not found in annotated query 'update Employee set active = inputActive where id = :inputId'!; nested exception is java.lang.IllegalStateException: Using named parameters for method public abstract int com.example.attendance.repository.EmployeeDao.updateActivate(java.lang.String,boolean) but parameter 'Optional[inputActivate]' not found in annotated query 'update Employee set active = inputActive where id = :inputId'!
	at org.springframework.data.repository.query.QueryCreationException.create(QueryCreationException.java:101)
	at org.springframework.data.repository.core.support.QueryExecutorMethodInterceptor.lookupQuery(QueryExecutorMethodInterceptor.java:107)
	at org.springframework.data.repository.core.support.QueryExecutorMethodInterceptor.lambda$mapMethodsToQuery$1(QueryExecutorMethodInterceptor.java:95)
	at java.base/java.util.stream.ReferencePipeline$3$1.accept(ReferencePipeline.java:195)
	at java.base/java.util.Iterator.forEachRemaining(Iterator.java:133)
	at java.base/java.util.Collections$UnmodifiableCollection$1.forEachRemaining(Collections.java:1054)
	at java.base/java.util.Spliterators$IteratorSpliterator.forEachRemaining(Spliterators.java:1801)
	at java.base/java.util.stream.AbstractPipeline.copyInto(AbstractPipeline.java:484)
	at java.base/java.util.stream.AbstractPipeline.wrapAndCopyInto(AbstractPipeline.java:474)
	at java.base/java.util.stream.ReduceOps$ReduceOp.evaluateSequential(ReduceOps.java:913)
	at java.base/java.util.stream.AbstractPipeline.evaluate(AbstractPipeline.java:234)
	at java.base/java.util.stream.ReferencePipeline.collect(ReferencePipeline.java:578)
	at org.springframework.data.repository.core.support.QueryExecutorMethodInterceptor.mapMethodsToQuery(QueryExecutorMethodInterceptor.java:97)
	at org.springframework.data.repository.core.support.QueryExecutorMethodInterceptor.lambda$new$0(QueryExecutorMethodInterceptor.java:87)
	at java.base/java.util.Optional.map(Optional.java:265)
	at org.springframework.data.repository.core.support.QueryExecutorMethodInterceptor.<init>(QueryExecutorMethodInterceptor.java:87)
	at org.springframework.data.repository.core.support.RepositoryFactorySupport.getRepository(RepositoryFactorySupport.java:365)
	at org.springframework.data.repository.core.support.RepositoryFactoryBeanSupport.lambda$afterPropertiesSet$5(RepositoryFactoryBeanSupport.java:323)
	at org.springframework.data.util.Lazy.getNullable(Lazy.java:231)
	at org.springframework.data.util.Lazy.get(Lazy.java:115)
	at org.springframework.data.repository.core.support.RepositoryFactoryBeanSupport.afterPropertiesSet(RepositoryFactoryBeanSupport.java:329)
	at org.springframework.data.jpa.repository.support.JpaRepositoryFactoryBean.afterPropertiesSet(JpaRepositoryFactoryBean.java:144)
	at org.springframework.beans.factory.support.AbstractAutowireCapableBeanFactory.invokeInitMethods(AbstractAutowireCapableBeanFactory.java:1863)
	at org.springframework.beans.factory.support.AbstractAutowireCapableBeanFactory.initializeBean(AbstractAutowireCapableBeanFactory.java:1800)
	... 49 common frames omitted
Caused by: java.lang.IllegalStateException: Using named parameters for method public abstract int com.example.attendance.repository.EmployeeDao.updateActivate(java.lang.String,boolean) but parameter 'Optional[inputActivate]' not found in annotated query 'update Employee set active = inputActive where id = :inputId'!
	at org.springframework.data.jpa.repository.query.JpaQueryMethod.assertParameterNamesInAnnotatedQuery(JpaQueryMethod.java:172)
	at org.springframework.data.jpa.repository.query.JpaQueryMethod.<init>(JpaQueryMethod.java:139)
	at org.springframework.data.jpa.repository.query.DefaultJpaQueryMethodFactory.build(DefaultJpaQueryMethodFactory.java:44)
	at org.springframework.data.jpa.repository.query.JpaQueryLookupStrategy$AbstractQueryLookupStrategy.resolveQuery(JpaQueryLookupStrategy.java:93)
	at org.springframework.data.repository.core.support.QueryExecutorMethodInterceptor.lookupQuery(QueryExecutorMethodInterceptor.java:103)
	... 71 common frames omitted
14:29:30.369 INFO  [restartedMain][AttendanceApplication.logStarting(StartupInfoLogger.java:55)] Starting AttendanceApplication using Java 11.0.14.1 on LAPTOP-BS6O2N7Q with PID 20676 (C:\Users\user\Desktop\全端課程\JavaProject\attendance\bin\main started by user in C:\Users\user\Desktop\全端課程\JavaProject\attendance)
14:29:30.372 INFO  [restartedMain][AttendanceApplication.logStartupProfileInfo(SpringApplication.java:632)] No active profile set, falling back to 1 default profile: "default"
14:29:30.446 INFO  [restartedMain][DevToolsPropertyDefaultsPostProcessor.logTo(DeferredLog.java:255)] Devtools property defaults active! Set 'spring.devtools.add-properties' to 'false' to disable
14:29:30.447 INFO  [restartedMain][DevToolsPropertyDefaultsPostProcessor.logTo(DeferredLog.java:255)] For additional web related logging consider setting the 'logging.level.web' property to 'DEBUG'
14:29:31.178 INFO  [restartedMain][RepositoryConfigurationDelegate.registerRepositoriesIn(RepositoryConfigurationDelegate.java:132)] Bootstrapping Spring Data JPA repositories in DEFAULT mode.
14:29:31.270 INFO  [restartedMain][RepositoryConfigurationDelegate.registerRepositoriesIn(RepositoryConfigurationDelegate.java:201)] Finished Spring Data repository scanning in 80 ms. Found 6 JPA repository interfaces.
14:29:32.257 INFO  [restartedMain][TomcatWebServer.initialize(TomcatWebServer.java:108)] Tomcat initialized with port(s): 8080 (http)
14:29:32.272 INFO  [restartedMain][Http11NioProtocol.log(DirectJDKLog.java:173)] Initializing ProtocolHandler ["http-nio-8080"]
14:29:32.276 INFO  [restartedMain][StandardService.log(DirectJDKLog.java:173)] Starting service [Tomcat]
14:29:32.277 INFO  [restartedMain][StandardEngine.log(DirectJDKLog.java:173)] Starting Servlet engine: [Apache Tomcat/9.0.82]
14:29:32.365 INFO  [restartedMain][[/].log(DirectJDKLog.java:173)] Initializing Spring embedded WebApplicationContext
14:29:32.365 INFO  [restartedMain][ServletWebServerApplicationContext.prepareWebApplicationContext(ServletWebServerApplicationContext.java:292)] Root WebApplicationContext: initialization completed in 1916 ms
14:29:32.628 INFO  [restartedMain][HikariDataSource.getConnection(HikariDataSource.java:110)] HikariPool-1 - Starting...
14:29:32.916 INFO  [restartedMain][HikariDataSource.getConnection(HikariDataSource.java:123)] HikariPool-1 - Start completed.
14:29:32.961 INFO  [restartedMain][LogHelper.logPersistenceUnitInformation(LogHelper.java:31)] HHH000204: Processing PersistenceUnitInfo [name: default]
14:29:33.013 INFO  [restartedMain][Version.logVersion(Version.java:44)] HHH000412: Hibernate ORM core version 5.6.15.Final
14:29:33.189 INFO  [restartedMain][Version.<clinit>(JavaReflectionManager.java:56)] HCANN000001: Hibernate Commons Annotations {5.1.2.Final}
14:29:33.313 INFO  [restartedMain][Dialect.<init>(Dialect.java:175)] HHH000400: Using dialect: org.hibernate.dialect.MySQL8Dialect
14:29:33.795 INFO  [restartedMain][JtaPlatformInitiator.initiateService(JtaPlatformInitiator.java:52)] HHH000490: Using JtaPlatform implementation: [org.hibernate.engine.transaction.jta.platform.internal.NoJtaPlatform]
14:29:33.819 INFO  [restartedMain][LocalContainerEntityManagerFactoryBean.buildNativeEntityManagerFactory(AbstractEntityManagerFactoryBean.java:437)] Initialized JPA EntityManagerFactory for persistence unit 'default'
14:29:34.229 WARN  [restartedMain][AnnotationConfigServletWebServerApplicationContext.refresh(AbstractApplicationContext.java:591)] Exception encountered during context initialization - cancelling refresh attempt: org.springframework.beans.factory.UnsatisfiedDependencyException: Error creating bean with name 'employeeController': Unsatisfied dependency expressed through field 'service'; nested exception is org.springframework.beans.factory.UnsatisfiedDependencyException: Error creating bean with name 'employeeServiceImpl': Unsatisfied dependency expressed through field 'empDao'; nested exception is org.springframework.beans.factory.BeanCreationException: Error creating bean with name 'employeeDao' defined in com.example.attendance.repository.EmployeeDao defined in @EnableJpaRepositories declared on JpaRepositoriesRegistrar.EnableJpaRepositoriesConfiguration: Invocation of init method failed; nested exception is org.springframework.data.repository.query.QueryCreationException: Could not create query for public abstract int com.example.attendance.repository.EmployeeDao.updateActivate(java.lang.String,boolean); Reason: Using named parameters for method public abstract int com.example.attendance.repository.EmployeeDao.updateActivate(java.lang.String,boolean) but parameter 'Optional[inputActivate]' not found in annotated query 'update Employee set active = :inputActive where id = :inputId'!; nested exception is java.lang.IllegalStateException: Using named parameters for method public abstract int com.example.attendance.repository.EmployeeDao.updateActivate(java.lang.String,boolean) but parameter 'Optional[inputActivate]' not found in annotated query 'update Employee set active = :inputActive where id = :inputId'!
14:29:34.229 INFO  [restartedMain][LocalContainerEntityManagerFactoryBean.destroy(AbstractEntityManagerFactoryBean.java:651)] Closing JPA EntityManagerFactory for persistence unit 'default'
14:29:34.235 INFO  [restartedMain][HikariDataSource.close(HikariDataSource.java:350)] HikariPool-1 - Shutdown initiated...
14:29:34.252 INFO  [restartedMain][HikariDataSource.close(HikariDataSource.java:352)] HikariPool-1 - Shutdown completed.
14:29:34.254 INFO  [restartedMain][StandardService.log(DirectJDKLog.java:173)] Stopping service [Tomcat]
14:29:34.263 INFO  [restartedMain][ConditionEvaluationReportLoggingListener.logMessage(ConditionEvaluationReportLoggingListener.java:136)] 

Error starting ApplicationContext. To display the conditions report re-run your application with 'debug' enabled.
14:29:34.285 ERROR [restartedMain][SpringApplication.reportFailure(SpringApplication.java:818)] Application run failed
org.springframework.beans.factory.UnsatisfiedDependencyException: Error creating bean with name 'employeeController': Unsatisfied dependency expressed through field 'service'; nested exception is org.springframework.beans.factory.UnsatisfiedDependencyException: Error creating bean with name 'employeeServiceImpl': Unsatisfied dependency expressed through field 'empDao'; nested exception is org.springframework.beans.factory.BeanCreationException: Error creating bean with name 'employeeDao' defined in com.example.attendance.repository.EmployeeDao defined in @EnableJpaRepositories declared on JpaRepositoriesRegistrar.EnableJpaRepositoriesConfiguration: Invocation of init method failed; nested exception is org.springframework.data.repository.query.QueryCreationException: Could not create query for public abstract int com.example.attendance.repository.EmployeeDao.updateActivate(java.lang.String,boolean); Reason: Using named parameters for method public abstract int com.example.attendance.repository.EmployeeDao.updateActivate(java.lang.String,boolean) but parameter 'Optional[inputActivate]' not found in annotated query 'update Employee set active = :inputActive where id = :inputId'!; nested exception is java.lang.IllegalStateException: Using named parameters for method public abstract int com.example.attendance.repository.EmployeeDao.updateActivate(java.lang.String,boolean) but parameter 'Optional[inputActivate]' not found in annotated query 'update Employee set active = :inputActive where id = :inputId'!
	at org.springframework.beans.factory.annotation.AutowiredAnnotationBeanPostProcessor$AutowiredFieldElement.resolveFieldValue(AutowiredAnnotationBeanPostProcessor.java:713)
	at org.springframework.beans.factory.annotation.AutowiredAnnotationBeanPostProcessor$AutowiredFieldElement.inject(AutowiredAnnotationBeanPostProcessor.java:693)
	at org.springframework.beans.factory.annotation.InjectionMetadata.inject(InjectionMetadata.java:119)
	at org.springframework.beans.factory.annotation.AutowiredAnnotationBeanPostProcessor.postProcessProperties(AutowiredAnnotationBeanPostProcessor.java:408)
	at org.springframework.beans.factory.support.AbstractAutowireCapableBeanFactory.populateBean(AbstractAutowireCapableBeanFactory.java:1431)
	at org.springframework.beans.factory.support.AbstractAutowireCapableBeanFactory.doCreateBean(AbstractAutowireCapableBeanFactory.java:619)
	at org.springframework.beans.factory.support.AbstractAutowireCapableBeanFactory.createBean(AbstractAutowireCapableBeanFactory.java:542)
	at org.springframework.beans.factory.support.AbstractBeanFactory.lambda$doGetBean$0(AbstractBeanFactory.java:335)
	at org.springframework.beans.factory.support.DefaultSingletonBeanRegistry.getSingleton(DefaultSingletonBeanRegistry.java:234)
	at org.springframework.beans.factory.support.AbstractBeanFactory.doGetBean(AbstractBeanFactory.java:333)
	at org.springframework.beans.factory.support.AbstractBeanFactory.getBean(AbstractBeanFactory.java:208)
	at org.springframework.beans.factory.support.DefaultListableBeanFactory.preInstantiateSingletons(DefaultListableBeanFactory.java:955)
	at org.springframework.context.support.AbstractApplicationContext.finishBeanFactoryInitialization(AbstractApplicationContext.java:921)
	at org.springframework.context.support.AbstractApplicationContext.refresh(AbstractApplicationContext.java:583)
	at org.springframework.boot.web.servlet.context.ServletWebServerApplicationContext.refresh(ServletWebServerApplicationContext.java:147)
	at org.springframework.boot.SpringApplication.refresh(SpringApplication.java:732)
	at org.springframework.boot.SpringApplication.refreshContext(SpringApplication.java:409)
	at org.springframework.boot.SpringApplication.run(SpringApplication.java:308)
	at org.springframework.boot.SpringApplication.run(SpringApplication.java:1300)
	at org.springframework.boot.SpringApplication.run(SpringApplication.java:1289)
	at com.example.attendance.AttendanceApplication.main(AttendanceApplication.java:10)
	at java.base/jdk.internal.reflect.NativeMethodAccessorImpl.invoke0(Native Method)
	at java.base/jdk.internal.reflect.NativeMethodAccessorImpl.invoke(NativeMethodAccessorImpl.java:62)
	at java.base/jdk.internal.reflect.DelegatingMethodAccessorImpl.invoke(DelegatingMethodAccessorImpl.java:43)
	at java.base/java.lang.reflect.Method.invoke(Method.java:566)
	at org.springframework.boot.devtools.restart.RestartLauncher.run(RestartLauncher.java:50)
Caused by: org.springframework.beans.factory.UnsatisfiedDependencyException: Error creating bean with name 'employeeServiceImpl': Unsatisfied dependency expressed through field 'empDao'; nested exception is org.springframework.beans.factory.BeanCreationException: Error creating bean with name 'employeeDao' defined in com.example.attendance.repository.EmployeeDao defined in @EnableJpaRepositories declared on JpaRepositoriesRegistrar.EnableJpaRepositoriesConfiguration: Invocation of init method failed; nested exception is org.springframework.data.repository.query.QueryCreationException: Could not create query for public abstract int com.example.attendance.repository.EmployeeDao.updateActivate(java.lang.String,boolean); Reason: Using named parameters for method public abstract int com.example.attendance.repository.EmployeeDao.updateActivate(java.lang.String,boolean) but parameter 'Optional[inputActivate]' not found in annotated query 'update Employee set active = :inputActive where id = :inputId'!; nested exception is java.lang.IllegalStateException: Using named parameters for method public abstract int com.example.attendance.repository.EmployeeDao.updateActivate(java.lang.String,boolean) but parameter 'Optional[inputActivate]' not found in annotated query 'update Employee set active = :inputActive where id = :inputId'!
	at org.springframework.beans.factory.annotation.AutowiredAnnotationBeanPostProcessor$AutowiredFieldElement.resolveFieldValue(AutowiredAnnotationBeanPostProcessor.java:713)
	at org.springframework.beans.factory.annotation.AutowiredAnnotationBeanPostProcessor$AutowiredFieldElement.inject(AutowiredAnnotationBeanPostProcessor.java:693)
	at org.springframework.beans.factory.annotation.InjectionMetadata.inject(InjectionMetadata.java:119)
	at org.springframework.beans.factory.annotation.AutowiredAnnotationBeanPostProcessor.postProcessProperties(AutowiredAnnotationBeanPostProcessor.java:408)
	at org.springframework.beans.factory.support.AbstractAutowireCapableBeanFactory.populateBean(AbstractAutowireCapableBeanFactory.java:1431)
	at org.springframework.beans.factory.support.AbstractAutowireCapableBeanFactory.doCreateBean(AbstractAutowireCapableBeanFactory.java:619)
	at org.springframework.beans.factory.support.AbstractAutowireCapableBeanFactory.createBean(AbstractAutowireCapableBeanFactory.java:542)
	at org.springframework.beans.factory.support.AbstractBeanFactory.lambda$doGetBean$0(AbstractBeanFactory.java:335)
	at org.springframework.beans.factory.support.DefaultSingletonBeanRegistry.getSingleton(DefaultSingletonBeanRegistry.java:234)
	at org.springframework.beans.factory.support.AbstractBeanFactory.doGetBean(AbstractBeanFactory.java:333)
	at org.springframework.beans.factory.support.AbstractBeanFactory.getBean(AbstractBeanFactory.java:208)
	at org.springframework.beans.factory.config.DependencyDescriptor.resolveCandidate(DependencyDescriptor.java:276)
	at org.springframework.beans.factory.support.DefaultListableBeanFactory.doResolveDependency(DefaultListableBeanFactory.java:1391)
	at org.springframework.beans.factory.support.DefaultListableBeanFactory.resolveDependency(DefaultListableBeanFactory.java:1311)
	at org.springframework.beans.factory.annotation.AutowiredAnnotationBeanPostProcessor$AutowiredFieldElement.resolveFieldValue(AutowiredAnnotationBeanPostProcessor.java:710)
	... 25 common frames omitted
Caused by: org.springframework.beans.factory.BeanCreationException: Error creating bean with name 'employeeDao' defined in com.example.attendance.repository.EmployeeDao defined in @EnableJpaRepositories declared on JpaRepositoriesRegistrar.EnableJpaRepositoriesConfiguration: Invocation of init method failed; nested exception is org.springframework.data.repository.query.QueryCreationException: Could not create query for public abstract int com.example.attendance.repository.EmployeeDao.updateActivate(java.lang.String,boolean); Reason: Using named parameters for method public abstract int com.example.attendance.repository.EmployeeDao.updateActivate(java.lang.String,boolean) but parameter 'Optional[inputActivate]' not found in annotated query 'update Employee set active = :inputActive where id = :inputId'!; nested exception is java.lang.IllegalStateException: Using named parameters for method public abstract int com.example.attendance.repository.EmployeeDao.updateActivate(java.lang.String,boolean) but parameter 'Optional[inputActivate]' not found in annotated query 'update Employee set active = :inputActive where id = :inputId'!
	at org.springframework.beans.factory.support.AbstractAutowireCapableBeanFactory.initializeBean(AbstractAutowireCapableBeanFactory.java:1804)
	at org.springframework.beans.factory.support.AbstractAutowireCapableBeanFactory.doCreateBean(AbstractAutowireCapableBeanFactory.java:620)
	at org.springframework.beans.factory.support.AbstractAutowireCapableBeanFactory.createBean(AbstractAutowireCapableBeanFactory.java:542)
	at org.springframework.beans.factory.support.AbstractBeanFactory.lambda$doGetBean$0(AbstractBeanFactory.java:335)
	at org.springframework.beans.factory.support.DefaultSingletonBeanRegistry.getSingleton(DefaultSingletonBeanRegistry.java:234)
	at org.springframework.beans.factory.support.AbstractBeanFactory.doGetBean(AbstractBeanFactory.java:333)
	at org.springframework.beans.factory.support.AbstractBeanFactory.getBean(AbstractBeanFactory.java:208)
	at org.springframework.beans.factory.config.DependencyDescriptor.resolveCandidate(DependencyDescriptor.java:276)
	at org.springframework.beans.factory.support.DefaultListableBeanFactory.doResolveDependency(DefaultListableBeanFactory.java:1391)
	at org.springframework.beans.factory.support.DefaultListableBeanFactory.resolveDependency(DefaultListableBeanFactory.java:1311)
	at org.springframework.beans.factory.annotation.AutowiredAnnotationBeanPostProcessor$AutowiredFieldElement.resolveFieldValue(AutowiredAnnotationBeanPostProcessor.java:710)
	... 39 common frames omitted
Caused by: org.springframework.data.repository.query.QueryCreationException: Could not create query for public abstract int com.example.attendance.repository.EmployeeDao.updateActivate(java.lang.String,boolean); Reason: Using named parameters for method public abstract int com.example.attendance.repository.EmployeeDao.updateActivate(java.lang.String,boolean) but parameter 'Optional[inputActivate]' not found in annotated query 'update Employee set active = :inputActive where id = :inputId'!; nested exception is java.lang.IllegalStateException: Using named parameters for method public abstract int com.example.attendance.repository.EmployeeDao.updateActivate(java.lang.String,boolean) but parameter 'Optional[inputActivate]' not found in annotated query 'update Employee set active = :inputActive where id = :inputId'!
	at org.springframework.data.repository.query.QueryCreationException.create(QueryCreationException.java:101)
	at org.springframework.data.repository.core.support.QueryExecutorMethodInterceptor.lookupQuery(QueryExecutorMethodInterceptor.java:107)
	at org.springframework.data.repository.core.support.QueryExecutorMethodInterceptor.lambda$mapMethodsToQuery$1(QueryExecutorMethodInterceptor.java:95)
	at java.base/java.util.stream.ReferencePipeline$3$1.accept(ReferencePipeline.java:195)
	at java.base/java.util.Iterator.forEachRemaining(Iterator.java:133)
	at java.base/java.util.Collections$UnmodifiableCollection$1.forEachRemaining(Collections.java:1054)
	at java.base/java.util.Spliterators$IteratorSpliterator.forEachRemaining(Spliterators.java:1801)
	at java.base/java.util.stream.AbstractPipeline.copyInto(AbstractPipeline.java:484)
	at java.base/java.util.stream.AbstractPipeline.wrapAndCopyInto(AbstractPipeline.java:474)
	at java.base/java.util.stream.ReduceOps$ReduceOp.evaluateSequential(ReduceOps.java:913)
	at java.base/java.util.stream.AbstractPipeline.evaluate(AbstractPipeline.java:234)
	at java.base/java.util.stream.ReferencePipeline.collect(ReferencePipeline.java:578)
	at org.springframework.data.repository.core.support.QueryExecutorMethodInterceptor.mapMethodsToQuery(QueryExecutorMethodInterceptor.java:97)
	at org.springframework.data.repository.core.support.QueryExecutorMethodInterceptor.lambda$new$0(QueryExecutorMethodInterceptor.java:87)
	at java.base/java.util.Optional.map(Optional.java:265)
	at org.springframework.data.repository.core.support.QueryExecutorMethodInterceptor.<init>(QueryExecutorMethodInterceptor.java:87)
	at org.springframework.data.repository.core.support.RepositoryFactorySupport.getRepository(RepositoryFactorySupport.java:365)
	at org.springframework.data.repository.core.support.RepositoryFactoryBeanSupport.lambda$afterPropertiesSet$5(RepositoryFactoryBeanSupport.java:323)
	at org.springframework.data.util.Lazy.getNullable(Lazy.java:231)
	at org.springframework.data.util.Lazy.get(Lazy.java:115)
	at org.springframework.data.repository.core.support.RepositoryFactoryBeanSupport.afterPropertiesSet(RepositoryFactoryBeanSupport.java:329)
	at org.springframework.data.jpa.repository.support.JpaRepositoryFactoryBean.afterPropertiesSet(JpaRepositoryFactoryBean.java:144)
	at org.springframework.beans.factory.support.AbstractAutowireCapableBeanFactory.invokeInitMethods(AbstractAutowireCapableBeanFactory.java:1863)
	at org.springframework.beans.factory.support.AbstractAutowireCapableBeanFactory.initializeBean(AbstractAutowireCapableBeanFactory.java:1800)
	... 49 common frames omitted
Caused by: java.lang.IllegalStateException: Using named parameters for method public abstract int com.example.attendance.repository.EmployeeDao.updateActivate(java.lang.String,boolean) but parameter 'Optional[inputActivate]' not found in annotated query 'update Employee set active = :inputActive where id = :inputId'!
	at org.springframework.data.jpa.repository.query.JpaQueryMethod.assertParameterNamesInAnnotatedQuery(JpaQueryMethod.java:172)
	at org.springframework.data.jpa.repository.query.JpaQueryMethod.<init>(JpaQueryMethod.java:139)
	at org.springframework.data.jpa.repository.query.DefaultJpaQueryMethodFactory.build(DefaultJpaQueryMethodFactory.java:44)
	at org.springframework.data.jpa.repository.query.JpaQueryLookupStrategy$AbstractQueryLookupStrategy.resolveQuery(JpaQueryLookupStrategy.java:93)
	at org.springframework.data.repository.core.support.QueryExecutorMethodInterceptor.lookupQuery(QueryExecutorMethodInterceptor.java:103)
	... 71 common frames omitted
14:30:33.721 INFO  [restartedMain][AttendanceApplication.logStarting(StartupInfoLogger.java:55)] Starting AttendanceApplication using Java 11.0.14.1 on LAPTOP-BS6O2N7Q with PID 4412 (C:\Users\user\Desktop\全端課程\JavaProject\attendance\bin\main started by user in C:\Users\user\Desktop\全端課程\JavaProject\attendance)
14:30:33.725 INFO  [restartedMain][AttendanceApplication.logStartupProfileInfo(SpringApplication.java:632)] No active profile set, falling back to 1 default profile: "default"
14:30:33.805 INFO  [restartedMain][DevToolsPropertyDefaultsPostProcessor.logTo(DeferredLog.java:255)] Devtools property defaults active! Set 'spring.devtools.add-properties' to 'false' to disable
14:30:33.806 INFO  [restartedMain][DevToolsPropertyDefaultsPostProcessor.logTo(DeferredLog.java:255)] For additional web related logging consider setting the 'logging.level.web' property to 'DEBUG'
14:30:34.520 INFO  [restartedMain][RepositoryConfigurationDelegate.registerRepositoriesIn(RepositoryConfigurationDelegate.java:132)] Bootstrapping Spring Data JPA repositories in DEFAULT mode.
14:30:34.614 INFO  [restartedMain][RepositoryConfigurationDelegate.registerRepositoriesIn(RepositoryConfigurationDelegate.java:201)] Finished Spring Data repository scanning in 85 ms. Found 6 JPA repository interfaces.
14:30:35.600 INFO  [restartedMain][TomcatWebServer.initialize(TomcatWebServer.java:108)] Tomcat initialized with port(s): 8080 (http)
14:30:35.617 INFO  [restartedMain][Http11NioProtocol.log(DirectJDKLog.java:173)] Initializing ProtocolHandler ["http-nio-8080"]
14:30:35.621 INFO  [restartedMain][StandardService.log(DirectJDKLog.java:173)] Starting service [Tomcat]
14:30:35.621 INFO  [restartedMain][StandardEngine.log(DirectJDKLog.java:173)] Starting Servlet engine: [Apache Tomcat/9.0.82]
14:30:35.725 INFO  [restartedMain][[/].log(DirectJDKLog.java:173)] Initializing Spring embedded WebApplicationContext
14:30:35.726 INFO  [restartedMain][ServletWebServerApplicationContext.prepareWebApplicationContext(ServletWebServerApplicationContext.java:292)] Root WebApplicationContext: initialization completed in 1918 ms
14:30:36.036 INFO  [restartedMain][HikariDataSource.getConnection(HikariDataSource.java:110)] HikariPool-1 - Starting...
14:30:36.285 INFO  [restartedMain][HikariDataSource.getConnection(HikariDataSource.java:123)] HikariPool-1 - Start completed.
14:30:36.335 INFO  [restartedMain][LogHelper.logPersistenceUnitInformation(LogHelper.java:31)] HHH000204: Processing PersistenceUnitInfo [name: default]
14:30:36.386 INFO  [restartedMain][Version.logVersion(Version.java:44)] HHH000412: Hibernate ORM core version 5.6.15.Final
14:30:36.557 INFO  [restartedMain][Version.<clinit>(JavaReflectionManager.java:56)] HCANN000001: Hibernate Commons Annotations {5.1.2.Final}
14:30:36.686 INFO  [restartedMain][Dialect.<init>(Dialect.java:175)] HHH000400: Using dialect: org.hibernate.dialect.MySQL8Dialect
14:30:37.219 INFO  [restartedMain][JtaPlatformInitiator.initiateService(JtaPlatformInitiator.java:52)] HHH000490: Using JtaPlatform implementation: [org.hibernate.engine.transaction.jta.platform.internal.NoJtaPlatform]
14:30:37.230 INFO  [restartedMain][LocalContainerEntityManagerFactoryBean.buildNativeEntityManagerFactory(AbstractEntityManagerFactoryBean.java:437)] Initialized JPA EntityManagerFactory for persistence unit 'default'
14:30:37.874 WARN  [restartedMain][JpaBaseConfiguration$JpaWebConfiguration.openEntityManagerInViewInterceptor(JpaBaseConfiguration.java:223)] spring.jpa.open-in-view is enabled by default. Therefore, database queries may be performed during view rendering. Explicitly configure spring.jpa.open-in-view to disable this warning
14:30:39.003 INFO  [restartedMain][DefaultSecurityFilterChain.<init>(DefaultSecurityFilterChain.java:55)] Will secure any request with [org.springframework.security.web.session.DisableEncodeUrlFilter@4f1fd694, org.springframework.security.web.context.request.async.WebAsyncManagerIntegrationFilter@2e0c7b7, org.springframework.security.web.context.SecurityContextPersistenceFilter@550100b9, org.springframework.security.web.header.HeaderWriterFilter@5a822d89, org.springframework.security.web.csrf.CsrfFilter@3edde8df, org.springframework.security.web.authentication.logout.LogoutFilter@59e3c0, org.springframework.security.web.authentication.UsernamePasswordAuthenticationFilter@1a9b8a66, org.springframework.security.web.authentication.ui.DefaultLoginPageGeneratingFilter@56178862, org.springframework.security.web.authentication.ui.DefaultLogoutPageGeneratingFilter@6db6a931, org.springframework.security.web.authentication.www.BasicAuthenticationFilter@46e16a7a, org.springframework.security.web.savedrequest.RequestCacheAwareFilter@74bcf772, org.springframework.security.web.servletapi.SecurityContextHolderAwareRequestFilter@3af1c1b9, org.springframework.security.web.authentication.AnonymousAuthenticationFilter@4c050724, org.springframework.security.web.session.SessionManagementFilter@f70fe9c, org.springframework.security.web.access.ExceptionTranslationFilter@276bdc71, org.springframework.security.web.access.intercept.FilterSecurityInterceptor@13c512f3]
14:30:39.089 INFO  [restartedMain][OptionalLiveReloadServer.startServer(OptionalLiveReloadServer.java:59)] LiveReload server is running on port 35729
14:30:39.108 INFO  [restartedMain][Http11NioProtocol.log(DirectJDKLog.java:173)] Starting ProtocolHandler ["http-nio-8080"]
14:30:39.161 INFO  [restartedMain][TomcatWebServer.start(TomcatWebServer.java:220)] Tomcat started on port(s): 8080 (http) with context path ''
14:30:39.176 INFO  [restartedMain][AttendanceApplication.logStarted(StartupInfoLogger.java:61)] Started AttendanceApplication in 5.826 seconds (JVM running for 6.467)
